The target system is: Generic -  - ARM
The host system is: Linux - 4.19.0-12-amd64 - x86_64
Compiling the C compiler identification source file "CMakeCCompilerId.c" succeeded.
Compiler: /usr/bin/arm-none-eabi-gcc 
Build flags: 
Id flags: -c 

The output was:
0


Compilation of the C compiler identification source "CMakeCCompilerId.c" produced "CMakeCCompilerId.o"

The C compiler identification is GNU, found in "/home/kupas/TCC/LoRaMac-smarttotem/build/CMakeFiles/3.13.4/CompilerIdC/CMakeCCompilerId.o"

Compiling the CXX compiler identification source file "CMakeCXXCompilerId.cpp" succeeded.
Compiler: /usr/bin/arm-none-eabi-g++ 
Build flags: 
Id flags: -c 

The output was:
0


Compilation of the CXX compiler identification source "CMakeCXXCompilerId.cpp" produced "CMakeCXXCompilerId.o"

The CXX compiler identification is GNU, found in "/home/kupas/TCC/LoRaMac-smarttotem/build/CMakeFiles/3.13.4/CompilerIdCXX/CMakeCXXCompilerId.o"

Determining if the C compiler works passed with the following output:
Change Dir: /home/kupas/TCC/LoRaMac-smarttotem/build/CMakeFiles/CMakeTmp

Run Build Command:"/usr/bin/make" "cmTC_ce6dd/fast"
/usr/bin/make -f CMakeFiles/cmTC_ce6dd.dir/build.make CMakeFiles/cmTC_ce6dd.dir/build
make[1]: Entering directory '/home/kupas/TCC/LoRaMac-smarttotem/build/CMakeFiles/CMakeTmp'
Building C object CMakeFiles/cmTC_ce6dd.dir/testCCompiler.c.obj
/usr/bin/arm-none-eabi-gcc    -o CMakeFiles/cmTC_ce6dd.dir/testCCompiler.c.obj   -c /home/kupas/TCC/LoRaMac-smarttotem/build/CMakeFiles/CMakeTmp/testCCompiler.c
Linking C static library libcmTC_ce6dd.a
/usr/bin/cmake -P CMakeFiles/cmTC_ce6dd.dir/cmake_clean_target.cmake
/usr/bin/cmake -E cmake_link_script CMakeFiles/cmTC_ce6dd.dir/link.txt --verbose=1
/usr/bin/arm-none-eabi-ar qc libcmTC_ce6dd.a  CMakeFiles/cmTC_ce6dd.dir/testCCompiler.c.obj
/usr/bin/arm-none-eabi-ranlib libcmTC_ce6dd.a
make[1]: Leaving directory '/home/kupas/TCC/LoRaMac-smarttotem/build/CMakeFiles/CMakeTmp'


Detecting C compiler ABI info compiled with the following output:
Change Dir: /home/kupas/TCC/LoRaMac-smarttotem/build/CMakeFiles/CMakeTmp

Run Build Command:"/usr/bin/make" "cmTC_fc656/fast"
/usr/bin/make -f CMakeFiles/cmTC_fc656.dir/build.make CMakeFiles/cmTC_fc656.dir/build
make[1]: Entering directory '/home/kupas/TCC/LoRaMac-smarttotem/build/CMakeFiles/CMakeTmp'
Building C object CMakeFiles/cmTC_fc656.dir/CMakeCCompilerABI.c.obj
/usr/bin/arm-none-eabi-gcc    -o CMakeFiles/cmTC_fc656.dir/CMakeCCompilerABI.c.obj   -c /usr/share/cmake-3.13/Modules/CMakeCCompilerABI.c
Linking C static library libcmTC_fc656.a
/usr/bin/cmake -P CMakeFiles/cmTC_fc656.dir/cmake_clean_target.cmake
/usr/bin/cmake -E cmake_link_script CMakeFiles/cmTC_fc656.dir/link.txt --verbose=1
/usr/bin/arm-none-eabi-ar qc libcmTC_fc656.a  CMakeFiles/cmTC_fc656.dir/CMakeCCompilerABI.c.obj
/usr/bin/arm-none-eabi-ranlib libcmTC_fc656.a
make[1]: Leaving directory '/home/kupas/TCC/LoRaMac-smarttotem/build/CMakeFiles/CMakeTmp'


Parsed C implicit link information from above output:
  link line regex: [^( *|.*[/\])(arm-none-eabi-ld|CMAKE_LINK_STARTFILE-NOTFOUND|([^/\]+-)?ld|collect2)[^/\]*( |$)]
  ignore line: [Change Dir: /home/kupas/TCC/LoRaMac-smarttotem/build/CMakeFiles/CMakeTmp]
  ignore line: []
  ignore line: [Run Build Command:"/usr/bin/make" "cmTC_fc656/fast"]
  ignore line: [/usr/bin/make -f CMakeFiles/cmTC_fc656.dir/build.make CMakeFiles/cmTC_fc656.dir/build]
  ignore line: [make[1]: Entering directory '/home/kupas/TCC/LoRaMac-smarttotem/build/CMakeFiles/CMakeTmp']
  ignore line: [Building C object CMakeFiles/cmTC_fc656.dir/CMakeCCompilerABI.c.obj]
  ignore line: [/usr/bin/arm-none-eabi-gcc    -o CMakeFiles/cmTC_fc656.dir/CMakeCCompilerABI.c.obj   -c /usr/share/cmake-3.13/Modules/CMakeCCompilerABI.c]
  ignore line: [Linking C static library libcmTC_fc656.a]
  ignore line: [/usr/bin/cmake -P CMakeFiles/cmTC_fc656.dir/cmake_clean_target.cmake]
  ignore line: [/usr/bin/cmake -E cmake_link_script CMakeFiles/cmTC_fc656.dir/link.txt --verbose=1]
  ignore line: [/usr/bin/arm-none-eabi-ar qc libcmTC_fc656.a  CMakeFiles/cmTC_fc656.dir/CMakeCCompilerABI.c.obj]
  ignore line: [/usr/bin/arm-none-eabi-ranlib libcmTC_fc656.a]
  ignore line: [make[1]: Leaving directory '/home/kupas/TCC/LoRaMac-smarttotem/build/CMakeFiles/CMakeTmp']
  ignore line: []
  implicit libs: []
  implicit dirs: []
  implicit fwks: []




Detecting C [-std=c11] compiler features compiled with the following output:
Change Dir: /home/kupas/TCC/LoRaMac-smarttotem/build/CMakeFiles/CMakeTmp

Run Build Command:"/usr/bin/make" "cmTC_34712/fast"
/usr/bin/make -f CMakeFiles/cmTC_34712.dir/build.make CMakeFiles/cmTC_34712.dir/build
make[1]: Entering directory '/home/kupas/TCC/LoRaMac-smarttotem/build/CMakeFiles/CMakeTmp'
Building C object CMakeFiles/cmTC_34712.dir/feature_tests.c.obj
/usr/bin/arm-none-eabi-gcc   -std=c11 -o CMakeFiles/cmTC_34712.dir/feature_tests.c.obj   -c /home/kupas/TCC/LoRaMac-smarttotem/build/CMakeFiles/feature_tests.c
Linking C static library libcmTC_34712.a
/usr/bin/cmake -P CMakeFiles/cmTC_34712.dir/cmake_clean_target.cmake
/usr/bin/cmake -E cmake_link_script CMakeFiles/cmTC_34712.dir/link.txt --verbose=1
/usr/bin/arm-none-eabi-ar qc libcmTC_34712.a  CMakeFiles/cmTC_34712.dir/feature_tests.c.obj
/usr/bin/arm-none-eabi-ranlib libcmTC_34712.a
make[1]: Leaving directory '/home/kupas/TCC/LoRaMac-smarttotem/build/CMakeFiles/CMakeTmp'


    Feature record: C_FEATURE:1c_function_prototypes
    Feature record: C_FEATURE:1c_restrict
    Feature record: C_FEATURE:1c_static_assert
    Feature record: C_FEATURE:1c_variadic_macros


Detecting C [-std=c99] compiler features compiled with the following output:
Change Dir: /home/kupas/TCC/LoRaMac-smarttotem/build/CMakeFiles/CMakeTmp

Run Build Command:"/usr/bin/make" "cmTC_5b6a5/fast"
/usr/bin/make -f CMakeFiles/cmTC_5b6a5.dir/build.make CMakeFiles/cmTC_5b6a5.dir/build
make[1]: Entering directory '/home/kupas/TCC/LoRaMac-smarttotem/build/CMakeFiles/CMakeTmp'
Building C object CMakeFiles/cmTC_5b6a5.dir/feature_tests.c.obj
/usr/bin/arm-none-eabi-gcc   -std=c99 -o CMakeFiles/cmTC_5b6a5.dir/feature_tests.c.obj   -c /home/kupas/TCC/LoRaMac-smarttotem/build/CMakeFiles/feature_tests.c
Linking C static library libcmTC_5b6a5.a
/usr/bin/cmake -P CMakeFiles/cmTC_5b6a5.dir/cmake_clean_target.cmake
/usr/bin/cmake -E cmake_link_script CMakeFiles/cmTC_5b6a5.dir/link.txt --verbose=1
/usr/bin/arm-none-eabi-ar qc libcmTC_5b6a5.a  CMakeFiles/cmTC_5b6a5.dir/feature_tests.c.obj
/usr/bin/arm-none-eabi-ranlib libcmTC_5b6a5.a
make[1]: Leaving directory '/home/kupas/TCC/LoRaMac-smarttotem/build/CMakeFiles/CMakeTmp'


    Feature record: C_FEATURE:1c_function_prototypes
    Feature record: C_FEATURE:1c_restrict
    Feature record: C_FEATURE:0c_static_assert
    Feature record: C_FEATURE:1c_variadic_macros


Detecting C [-std=c90] compiler features compiled with the following output:
Change Dir: /home/kupas/TCC/LoRaMac-smarttotem/build/CMakeFiles/CMakeTmp

Run Build Command:"/usr/bin/make" "cmTC_0c932/fast"
/usr/bin/make -f CMakeFiles/cmTC_0c932.dir/build.make CMakeFiles/cmTC_0c932.dir/build
make[1]: Entering directory '/home/kupas/TCC/LoRaMac-smarttotem/build/CMakeFiles/CMakeTmp'
Building C object CMakeFiles/cmTC_0c932.dir/feature_tests.c.obj
/usr/bin/arm-none-eabi-gcc   -std=c90 -o CMakeFiles/cmTC_0c932.dir/feature_tests.c.obj   -c /home/kupas/TCC/LoRaMac-smarttotem/build/CMakeFiles/feature_tests.c
Linking C static library libcmTC_0c932.a
/usr/bin/cmake -P CMakeFiles/cmTC_0c932.dir/cmake_clean_target.cmake
/usr/bin/cmake -E cmake_link_script CMakeFiles/cmTC_0c932.dir/link.txt --verbose=1
/usr/bin/arm-none-eabi-ar qc libcmTC_0c932.a  CMakeFiles/cmTC_0c932.dir/feature_tests.c.obj
/usr/bin/arm-none-eabi-ranlib libcmTC_0c932.a
make[1]: Leaving directory '/home/kupas/TCC/LoRaMac-smarttotem/build/CMakeFiles/CMakeTmp'


    Feature record: C_FEATURE:1c_function_prototypes
    Feature record: C_FEATURE:0c_restrict
    Feature record: C_FEATURE:0c_static_assert
    Feature record: C_FEATURE:0c_variadic_macros
Determining if the CXX compiler works passed with the following output:
Change Dir: /home/kupas/TCC/LoRaMac-smarttotem/build/CMakeFiles/CMakeTmp

Run Build Command:"/usr/bin/make" "cmTC_ca677/fast"
/usr/bin/make -f CMakeFiles/cmTC_ca677.dir/build.make CMakeFiles/cmTC_ca677.dir/build
make[1]: Entering directory '/home/kupas/TCC/LoRaMac-smarttotem/build/CMakeFiles/CMakeTmp'
Building CXX object CMakeFiles/cmTC_ca677.dir/testCXXCompiler.cxx.obj
/usr/bin/arm-none-eabi-g++     -o CMakeFiles/cmTC_ca677.dir/testCXXCompiler.cxx.obj -c /home/kupas/TCC/LoRaMac-smarttotem/build/CMakeFiles/CMakeTmp/testCXXCompiler.cxx
Linking CXX static library libcmTC_ca677.a
/usr/bin/cmake -P CMakeFiles/cmTC_ca677.dir/cmake_clean_target.cmake
/usr/bin/cmake -E cmake_link_script CMakeFiles/cmTC_ca677.dir/link.txt --verbose=1
/usr/bin/arm-none-eabi-ar qc libcmTC_ca677.a  CMakeFiles/cmTC_ca677.dir/testCXXCompiler.cxx.obj
/usr/bin/arm-none-eabi-ranlib libcmTC_ca677.a
make[1]: Leaving directory '/home/kupas/TCC/LoRaMac-smarttotem/build/CMakeFiles/CMakeTmp'


Detecting CXX compiler ABI info compiled with the following output:
Change Dir: /home/kupas/TCC/LoRaMac-smarttotem/build/CMakeFiles/CMakeTmp

Run Build Command:"/usr/bin/make" "cmTC_7ce5d/fast"
/usr/bin/make -f CMakeFiles/cmTC_7ce5d.dir/build.make CMakeFiles/cmTC_7ce5d.dir/build
make[1]: Entering directory '/home/kupas/TCC/LoRaMac-smarttotem/build/CMakeFiles/CMakeTmp'
Building CXX object CMakeFiles/cmTC_7ce5d.dir/CMakeCXXCompilerABI.cpp.obj
/usr/bin/arm-none-eabi-g++     -o CMakeFiles/cmTC_7ce5d.dir/CMakeCXXCompilerABI.cpp.obj -c /usr/share/cmake-3.13/Modules/CMakeCXXCompilerABI.cpp
Linking CXX static library libcmTC_7ce5d.a
/usr/bin/cmake -P CMakeFiles/cmTC_7ce5d.dir/cmake_clean_target.cmake
/usr/bin/cmake -E cmake_link_script CMakeFiles/cmTC_7ce5d.dir/link.txt --verbose=1
/usr/bin/arm-none-eabi-ar qc libcmTC_7ce5d.a  CMakeFiles/cmTC_7ce5d.dir/CMakeCXXCompilerABI.cpp.obj
/usr/bin/arm-none-eabi-ranlib libcmTC_7ce5d.a
make[1]: Leaving directory '/home/kupas/TCC/LoRaMac-smarttotem/build/CMakeFiles/CMakeTmp'


Parsed CXX implicit link information from above output:
  link line regex: [^( *|.*[/\])(arm-none-eabi-ld|CMAKE_LINK_STARTFILE-NOTFOUND|([^/\]+-)?ld|collect2)[^/\]*( |$)]
  ignore line: [Change Dir: /home/kupas/TCC/LoRaMac-smarttotem/build/CMakeFiles/CMakeTmp]
  ignore line: []
  ignore line: [Run Build Command:"/usr/bin/make" "cmTC_7ce5d/fast"]
  ignore line: [/usr/bin/make -f CMakeFiles/cmTC_7ce5d.dir/build.make CMakeFiles/cmTC_7ce5d.dir/build]
  ignore line: [make[1]: Entering directory '/home/kupas/TCC/LoRaMac-smarttotem/build/CMakeFiles/CMakeTmp']
  ignore line: [Building CXX object CMakeFiles/cmTC_7ce5d.dir/CMakeCXXCompilerABI.cpp.obj]
  ignore line: [/usr/bin/arm-none-eabi-g++     -o CMakeFiles/cmTC_7ce5d.dir/CMakeCXXCompilerABI.cpp.obj -c /usr/share/cmake-3.13/Modules/CMakeCXXCompilerABI.cpp]
  ignore line: [Linking CXX static library libcmTC_7ce5d.a]
  ignore line: [/usr/bin/cmake -P CMakeFiles/cmTC_7ce5d.dir/cmake_clean_target.cmake]
  ignore line: [/usr/bin/cmake -E cmake_link_script CMakeFiles/cmTC_7ce5d.dir/link.txt --verbose=1]
  ignore line: [/usr/bin/arm-none-eabi-ar qc libcmTC_7ce5d.a  CMakeFiles/cmTC_7ce5d.dir/CMakeCXXCompilerABI.cpp.obj]
  ignore line: [/usr/bin/arm-none-eabi-ranlib libcmTC_7ce5d.a]
  ignore line: [make[1]: Leaving directory '/home/kupas/TCC/LoRaMac-smarttotem/build/CMakeFiles/CMakeTmp']
  ignore line: []
  implicit libs: []
  implicit dirs: []
  implicit fwks: []




Detecting CXX [-std=c++1z] compiler features compiled with the following output:
Change Dir: /home/kupas/TCC/LoRaMac-smarttotem/build/CMakeFiles/CMakeTmp

Run Build Command:"/usr/bin/make" "cmTC_b539d/fast"
/usr/bin/make -f CMakeFiles/cmTC_b539d.dir/build.make CMakeFiles/cmTC_b539d.dir/build
make[1]: Entering directory '/home/kupas/TCC/LoRaMac-smarttotem/build/CMakeFiles/CMakeTmp'
Building CXX object CMakeFiles/cmTC_b539d.dir/feature_tests.cxx.obj
/usr/bin/arm-none-eabi-g++    -std=c++1z -o CMakeFiles/cmTC_b539d.dir/feature_tests.cxx.obj -c /home/kupas/TCC/LoRaMac-smarttotem/build/CMakeFiles/feature_tests.cxx
Linking CXX static library libcmTC_b539d.a
/usr/bin/cmake -P CMakeFiles/cmTC_b539d.dir/cmake_clean_target.cmake
/usr/bin/cmake -E cmake_link_script CMakeFiles/cmTC_b539d.dir/link.txt --verbose=1
/usr/bin/arm-none-eabi-ar qc libcmTC_b539d.a  CMakeFiles/cmTC_b539d.dir/feature_tests.cxx.obj
/usr/bin/arm-none-eabi-ranlib libcmTC_b539d.a
make[1]: Leaving directory '/home/kupas/TCC/LoRaMac-smarttotem/build/CMakeFiles/CMakeTmp'


    Feature record: CXX_FEATURE:1cxx_aggregate_default_initializers
    Feature record: CXX_FEATURE:1cxx_alias_templates
    Feature record: CXX_FEATURE:1cxx_alignas
    Feature record: CXX_FEATURE:1cxx_alignof
    Feature record: CXX_FEATURE:1cxx_attributes
    Feature record: CXX_FEATURE:1cxx_attribute_deprecated
    Feature record: CXX_FEATURE:1cxx_auto_type
    Feature record: CXX_FEATURE:1cxx_binary_literals
    Feature record: CXX_FEATURE:1cxx_constexpr
    Feature record: CXX_FEATURE:1cxx_contextual_conversions
    Feature record: CXX_FEATURE:1cxx_decltype
    Feature record: CXX_FEATURE:1cxx_decltype_auto
    Feature record: CXX_FEATURE:1cxx_decltype_incomplete_return_types
    Feature record: CXX_FEATURE:1cxx_default_function_template_args
    Feature record: CXX_FEATURE:1cxx_defaulted_functions
    Feature record: CXX_FEATURE:1cxx_defaulted_move_initializers
    Feature record: CXX_FEATURE:1cxx_delegating_constructors
    Feature record: CXX_FEATURE:1cxx_deleted_functions
    Feature record: CXX_FEATURE:1cxx_digit_separators
    Feature record: CXX_FEATURE:1cxx_enum_forward_declarations
    Feature record: CXX_FEATURE:1cxx_explicit_conversions
    Feature record: CXX_FEATURE:1cxx_extended_friend_declarations
    Feature record: CXX_FEATURE:1cxx_extern_templates
    Feature record: CXX_FEATURE:1cxx_final
    Feature record: CXX_FEATURE:1cxx_func_identifier
    Feature record: CXX_FEATURE:1cxx_generalized_initializers
    Feature record: CXX_FEATURE:1cxx_generic_lambdas
    Feature record: CXX_FEATURE:1cxx_inheriting_constructors
    Feature record: CXX_FEATURE:1cxx_inline_namespaces
    Feature record: CXX_FEATURE:1cxx_lambdas
    Feature record: CXX_FEATURE:1cxx_lambda_init_captures
    Feature record: CXX_FEATURE:1cxx_local_type_template_args
    Feature record: CXX_FEATURE:1cxx_long_long_type
    Feature record: CXX_FEATURE:1cxx_noexcept
    Feature record: CXX_FEATURE:1cxx_nonstatic_member_init
    Feature record: CXX_FEATURE:1cxx_nullptr
    Feature record: CXX_FEATURE:1cxx_override
    Feature record: CXX_FEATURE:1cxx_range_for
    Feature record: CXX_FEATURE:1cxx_raw_string_literals
    Feature record: CXX_FEATURE:1cxx_reference_qualified_functions
    Feature record: CXX_FEATURE:1cxx_relaxed_constexpr
    Feature record: CXX_FEATURE:1cxx_return_type_deduction
    Feature record: CXX_FEATURE:1cxx_right_angle_brackets
    Feature record: CXX_FEATURE:1cxx_rvalue_references
    Feature record: CXX_FEATURE:1cxx_sizeof_member
    Feature record: CXX_FEATURE:1cxx_static_assert
    Feature record: CXX_FEATURE:1cxx_strong_enums
    Feature record: CXX_FEATURE:1cxx_template_template_parameters
    Feature record: CXX_FEATURE:1cxx_thread_local
    Feature record: CXX_FEATURE:1cxx_trailing_return_types
    Feature record: CXX_FEATURE:1cxx_unicode_literals
    Feature record: CXX_FEATURE:1cxx_uniform_initialization
    Feature record: CXX_FEATURE:1cxx_unrestricted_unions
    Feature record: CXX_FEATURE:1cxx_user_literals
    Feature record: CXX_FEATURE:1cxx_variable_templates
    Feature record: CXX_FEATURE:1cxx_variadic_macros
    Feature record: CXX_FEATURE:1cxx_variadic_templates


Detecting CXX [-std=c++14] compiler features compiled with the following output:
Change Dir: /home/kupas/TCC/LoRaMac-smarttotem/build/CMakeFiles/CMakeTmp

Run Build Command:"/usr/bin/make" "cmTC_b8e5d/fast"
/usr/bin/make -f CMakeFiles/cmTC_b8e5d.dir/build.make CMakeFiles/cmTC_b8e5d.dir/build
make[1]: Entering directory '/home/kupas/TCC/LoRaMac-smarttotem/build/CMakeFiles/CMakeTmp'
Building CXX object CMakeFiles/cmTC_b8e5d.dir/feature_tests.cxx.obj
/usr/bin/arm-none-eabi-g++    -std=c++14 -o CMakeFiles/cmTC_b8e5d.dir/feature_tests.cxx.obj -c /home/kupas/TCC/LoRaMac-smarttotem/build/CMakeFiles/feature_tests.cxx
Linking CXX static library libcmTC_b8e5d.a
/usr/bin/cmake -P CMakeFiles/cmTC_b8e5d.dir/cmake_clean_target.cmake
/usr/bin/cmake -E cmake_link_script CMakeFiles/cmTC_b8e5d.dir/link.txt --verbose=1
/usr/bin/arm-none-eabi-ar qc libcmTC_b8e5d.a  CMakeFiles/cmTC_b8e5d.dir/feature_tests.cxx.obj
/usr/bin/arm-none-eabi-ranlib libcmTC_b8e5d.a
make[1]: Leaving directory '/home/kupas/TCC/LoRaMac-smarttotem/build/CMakeFiles/CMakeTmp'


    Feature record: CXX_FEATURE:1cxx_aggregate_default_initializers
    Feature record: CXX_FEATURE:1cxx_alias_templates
    Feature record: CXX_FEATURE:1cxx_alignas
    Feature record: CXX_FEATURE:1cxx_alignof
    Feature record: CXX_FEATURE:1cxx_attributes
    Feature record: CXX_FEATURE:1cxx_attribute_deprecated
    Feature record: CXX_FEATURE:1cxx_auto_type
    Feature record: CXX_FEATURE:1cxx_binary_literals
    Feature record: CXX_FEATURE:1cxx_constexpr
    Feature record: CXX_FEATURE:1cxx_contextual_conversions
    Feature record: CXX_FEATURE:1cxx_decltype
    Feature record: CXX_FEATURE:1cxx_decltype_auto
    Feature record: CXX_FEATURE:1cxx_decltype_incomplete_return_types
    Feature record: CXX_FEATURE:1cxx_default_function_template_args
    Feature record: CXX_FEATURE:1cxx_defaulted_functions
    Feature record: CXX_FEATURE:1cxx_defaulted_move_initializers
    Feature record: CXX_FEATURE:1cxx_delegating_constructors
    Feature record: CXX_FEATURE:1cxx_deleted_functions
    Feature record: CXX_FEATURE:1cxx_digit_separators
    Feature record: CXX_FEATURE:1cxx_enum_forward_declarations
    Feature record: CXX_FEATURE:1cxx_explicit_conversions
    Feature record: CXX_FEATURE:1cxx_extended_friend_declarations
    Feature record: CXX_FEATURE:1cxx_extern_templates
    Feature record: CXX_FEATURE:1cxx_final
    Feature record: CXX_FEATURE:1cxx_func_identifier
    Feature record: CXX_FEATURE:1cxx_generalized_initializers
    Feature record: CXX_FEATURE:1cxx_generic_lambdas
    Feature record: CXX_FEATURE:1cxx_inheriting_constructors
    Feature record: CXX_FEATURE:1cxx_inline_namespaces
    Feature record: CXX_FEATURE:1cxx_lambdas
    Feature record: CXX_FEATURE:1cxx_lambda_init_captures
    Feature record: CXX_FEATURE:1cxx_local_type_template_args
    Feature record: CXX_FEATURE:1cxx_long_long_type
    Feature record: CXX_FEATURE:1cxx_noexcept
    Feature record: CXX_FEATURE:1cxx_nonstatic_member_init
    Feature record: CXX_FEATURE:1cxx_nullptr
    Feature record: CXX_FEATURE:1cxx_override
    Feature record: CXX_FEATURE:1cxx_range_for
    Feature record: CXX_FEATURE:1cxx_raw_string_literals
    Feature record: CXX_FEATURE:1cxx_reference_qualified_functions
    Feature record: CXX_FEATURE:1cxx_relaxed_constexpr
    Feature record: CXX_FEATURE:1cxx_return_type_deduction
    Feature record: CXX_FEATURE:1cxx_right_angle_brackets
    Feature record: CXX_FEATURE:1cxx_rvalue_references
    Feature record: CXX_FEATURE:1cxx_sizeof_member
    Feature record: CXX_FEATURE:1cxx_static_assert
    Feature record: CXX_FEATURE:1cxx_strong_enums
    Feature record: CXX_FEATURE:1cxx_template_template_parameters
    Feature record: CXX_FEATURE:1cxx_thread_local
    Feature record: CXX_FEATURE:1cxx_trailing_return_types
    Feature record: CXX_FEATURE:1cxx_unicode_literals
    Feature record: CXX_FEATURE:1cxx_uniform_initialization
    Feature record: CXX_FEATURE:1cxx_unrestricted_unions
    Feature record: CXX_FEATURE:1cxx_user_literals
    Feature record: CXX_FEATURE:1cxx_variable_templates
    Feature record: CXX_FEATURE:1cxx_variadic_macros
    Feature record: CXX_FEATURE:1cxx_variadic_templates


Detecting CXX [-std=c++11] compiler features compiled with the following output:
Change Dir: /home/kupas/TCC/LoRaMac-smarttotem/build/CMakeFiles/CMakeTmp

Run Build Command:"/usr/bin/make" "cmTC_b9cea/fast"
/usr/bin/make -f CMakeFiles/cmTC_b9cea.dir/build.make CMakeFiles/cmTC_b9cea.dir/build
make[1]: Entering directory '/home/kupas/TCC/LoRaMac-smarttotem/build/CMakeFiles/CMakeTmp'
Building CXX object CMakeFiles/cmTC_b9cea.dir/feature_tests.cxx.obj
/usr/bin/arm-none-eabi-g++    -std=c++11 -o CMakeFiles/cmTC_b9cea.dir/feature_tests.cxx.obj -c /home/kupas/TCC/LoRaMac-smarttotem/build/CMakeFiles/feature_tests.cxx
Linking CXX static library libcmTC_b9cea.a
/usr/bin/cmake -P CMakeFiles/cmTC_b9cea.dir/cmake_clean_target.cmake
/usr/bin/cmake -E cmake_link_script CMakeFiles/cmTC_b9cea.dir/link.txt --verbose=1
/usr/bin/arm-none-eabi-ar qc libcmTC_b9cea.a  CMakeFiles/cmTC_b9cea.dir/feature_tests.cxx.obj
/usr/bin/arm-none-eabi-ranlib libcmTC_b9cea.a
make[1]: Leaving directory '/home/kupas/TCC/LoRaMac-smarttotem/build/CMakeFiles/CMakeTmp'


    Feature record: CXX_FEATURE:0cxx_aggregate_default_initializers
    Feature record: CXX_FEATURE:1cxx_alias_templates
    Feature record: CXX_FEATURE:1cxx_alignas
    Feature record: CXX_FEATURE:1cxx_alignof
    Feature record: CXX_FEATURE:1cxx_attributes
    Feature record: CXX_FEATURE:0cxx_attribute_deprecated
    Feature record: CXX_FEATURE:1cxx_auto_type
    Feature record: CXX_FEATURE:0cxx_binary_literals
    Feature record: CXX_FEATURE:1cxx_constexpr
    Feature record: CXX_FEATURE:0cxx_contextual_conversions
    Feature record: CXX_FEATURE:1cxx_decltype
    Feature record: CXX_FEATURE:0cxx_decltype_auto
    Feature record: CXX_FEATURE:1cxx_decltype_incomplete_return_types
    Feature record: CXX_FEATURE:1cxx_default_function_template_args
    Feature record: CXX_FEATURE:1cxx_defaulted_functions
    Feature record: CXX_FEATURE:1cxx_defaulted_move_initializers
    Feature record: CXX_FEATURE:1cxx_delegating_constructors
    Feature record: CXX_FEATURE:1cxx_deleted_functions
    Feature record: CXX_FEATURE:0cxx_digit_separators
    Feature record: CXX_FEATURE:1cxx_enum_forward_declarations
    Feature record: CXX_FEATURE:1cxx_explicit_conversions
    Feature record: CXX_FEATURE:1cxx_extended_friend_declarations
    Feature record: CXX_FEATURE:1cxx_extern_templates
    Feature record: CXX_FEATURE:1cxx_final
    Feature record: CXX_FEATURE:1cxx_func_identifier
    Feature record: CXX_FEATURE:1cxx_generalized_initializers
    Feature record: CXX_FEATURE:0cxx_generic_lambdas
    Feature record: CXX_FEATURE:1cxx_inheriting_constructors
    Feature record: CXX_FEATURE:1cxx_inline_namespaces
    Feature record: CXX_FEATURE:1cxx_lambdas
    Feature record: CXX_FEATURE:0cxx_lambda_init_captures
    Feature record: CXX_FEATURE:1cxx_local_type_template_args
    Feature record: CXX_FEATURE:1cxx_long_long_type
    Feature record: CXX_FEATURE:1cxx_noexcept
    Feature record: CXX_FEATURE:1cxx_nonstatic_member_init
    Feature record: CXX_FEATURE:1cxx_nullptr
    Feature record: CXX_FEATURE:1cxx_override
    Feature record: CXX_FEATURE:1cxx_range_for
    Feature record: CXX_FEATURE:1cxx_raw_string_literals
    Feature record: CXX_FEATURE:1cxx_reference_qualified_functions
    Feature record: CXX_FEATURE:0cxx_relaxed_constexpr
    Feature record: CXX_FEATURE:0cxx_return_type_deduction
    Feature record: CXX_FEATURE:1cxx_right_angle_brackets
    Feature record: CXX_FEATURE:1cxx_rvalue_references
    Feature record: CXX_FEATURE:1cxx_sizeof_member
    Feature record: CXX_FEATURE:1cxx_static_assert
    Feature record: CXX_FEATURE:1cxx_strong_enums
    Feature record: CXX_FEATURE:1cxx_template_template_parameters
    Feature record: CXX_FEATURE:1cxx_thread_local
    Feature record: CXX_FEATURE:1cxx_trailing_return_types
    Feature record: CXX_FEATURE:1cxx_unicode_literals
    Feature record: CXX_FEATURE:1cxx_uniform_initialization
    Feature record: CXX_FEATURE:1cxx_unrestricted_unions
    Feature record: CXX_FEATURE:1cxx_user_literals
    Feature record: CXX_FEATURE:0cxx_variable_templates
    Feature record: CXX_FEATURE:1cxx_variadic_macros
    Feature record: CXX_FEATURE:1cxx_variadic_templates


Detecting CXX [-std=c++98] compiler features compiled with the following output:
Change Dir: /home/kupas/TCC/LoRaMac-smarttotem/build/CMakeFiles/CMakeTmp

Run Build Command:"/usr/bin/make" "cmTC_684e4/fast"
/usr/bin/make -f CMakeFiles/cmTC_684e4.dir/build.make CMakeFiles/cmTC_684e4.dir/build
make[1]: Entering directory '/home/kupas/TCC/LoRaMac-smarttotem/build/CMakeFiles/CMakeTmp'
Building CXX object CMakeFiles/cmTC_684e4.dir/feature_tests.cxx.obj
/usr/bin/arm-none-eabi-g++    -std=c++98 -o CMakeFiles/cmTC_684e4.dir/feature_tests.cxx.obj -c /home/kupas/TCC/LoRaMac-smarttotem/build/CMakeFiles/feature_tests.cxx
Linking CXX static library libcmTC_684e4.a
/usr/bin/cmake -P CMakeFiles/cmTC_684e4.dir/cmake_clean_target.cmake
/usr/bin/cmake -E cmake_link_script CMakeFiles/cmTC_684e4.dir/link.txt --verbose=1
/usr/bin/arm-none-eabi-ar qc libcmTC_684e4.a  CMakeFiles/cmTC_684e4.dir/feature_tests.cxx.obj
/usr/bin/arm-none-eabi-ranlib libcmTC_684e4.a
make[1]: Leaving directory '/home/kupas/TCC/LoRaMac-smarttotem/build/CMakeFiles/CMakeTmp'


    Feature record: CXX_FEATURE:0cxx_aggregate_default_initializers
    Feature record: CXX_FEATURE:0cxx_alias_templates
    Feature record: CXX_FEATURE:0cxx_alignas
    Feature record: CXX_FEATURE:0cxx_alignof
    Feature record: CXX_FEATURE:0cxx_attributes
    Feature record: CXX_FEATURE:0cxx_attribute_deprecated
    Feature record: CXX_FEATURE:0cxx_auto_type
    Feature record: CXX_FEATURE:0cxx_binary_literals
    Feature record: CXX_FEATURE:0cxx_constexpr
    Feature record: CXX_FEATURE:0cxx_contextual_conversions
    Feature record: CXX_FEATURE:0cxx_decltype
    Feature record: CXX_FEATURE:0cxx_decltype_auto
    Feature record: CXX_FEATURE:0cxx_decltype_incomplete_return_types
    Feature record: CXX_FEATURE:0cxx_default_function_template_args
    Feature record: CXX_FEATURE:0cxx_defaulted_functions
    Feature record: CXX_FEATURE:0cxx_defaulted_move_initializers
    Feature record: CXX_FEATURE:0cxx_delegating_constructors
    Feature record: CXX_FEATURE:0cxx_deleted_functions
    Feature record: CXX_FEATURE:0cxx_digit_separators
    Feature record: CXX_FEATURE:0cxx_enum_forward_declarations
    Feature record: CXX_FEATURE:0cxx_explicit_conversions
    Feature record: CXX_FEATURE:0cxx_extended_friend_declarations
    Feature record: CXX_FEATURE:0cxx_extern_templates
    Feature record: CXX_FEATURE:0cxx_final
    Feature record: CXX_FEATURE:0cxx_func_identifier
    Feature record: CXX_FEATURE:0cxx_generalized_initializers
    Feature record: CXX_FEATURE:0cxx_generic_lambdas
    Feature record: CXX_FEATURE:0cxx_inheriting_constructors
    Feature record: CXX_FEATURE:0cxx_inline_namespaces
    Feature record: CXX_FEATURE:0cxx_lambdas
    Feature record: CXX_FEATURE:0cxx_lambda_init_captures
    Feature record: CXX_FEATURE:0cxx_local_type_template_args
    Feature record: CXX_FEATURE:0cxx_long_long_type
    Feature record: CXX_FEATURE:0cxx_noexcept
    Feature record: CXX_FEATURE:0cxx_nonstatic_member_init
    Feature record: CXX_FEATURE:0cxx_nullptr
    Feature record: CXX_FEATURE:0cxx_override
    Feature record: CXX_FEATURE:0cxx_range_for
    Feature record: CXX_FEATURE:0cxx_raw_string_literals
    Feature record: CXX_FEATURE:0cxx_reference_qualified_functions
    Feature record: CXX_FEATURE:0cxx_relaxed_constexpr
    Feature record: CXX_FEATURE:0cxx_return_type_deduction
    Feature record: CXX_FEATURE:0cxx_right_angle_brackets
    Feature record: CXX_FEATURE:0cxx_rvalue_references
    Feature record: CXX_FEATURE:0cxx_sizeof_member
    Feature record: CXX_FEATURE:0cxx_static_assert
    Feature record: CXX_FEATURE:0cxx_strong_enums
    Feature record: CXX_FEATURE:1cxx_template_template_parameters
    Feature record: CXX_FEATURE:0cxx_thread_local
    Feature record: CXX_FEATURE:0cxx_trailing_return_types
    Feature record: CXX_FEATURE:0cxx_unicode_literals
    Feature record: CXX_FEATURE:0cxx_uniform_initialization
    Feature record: CXX_FEATURE:0cxx_unrestricted_unions
    Feature record: CXX_FEATURE:0cxx_user_literals
    Feature record: CXX_FEATURE:0cxx_variable_templates
    Feature record: CXX_FEATURE:0cxx_variadic_macros
    Feature record: CXX_FEATURE:0cxx_variadic_templates
Checking whether the ASM compiler is GNU using "--version" matched "(GNU assembler)|(GCC)|(Free Software Foundation)":
arm-none-eabi-gcc (15:7-2018-q2-6) 7.3.1 20180622 (release) [ARM/embedded-7-branch revision 261907]
Copyright (C) 2017 Free Software Foundation, Inc.
This is free software; see the source for copying conditions.  There is NO
warranty; not even for MERCHANTABILITY or FITNESS FOR A PARTICULAR PURPOSE.

